2021-03-24 14:51:58 INFO [5552-MainThread] autoreload.run_with_reloader line 617: Watching for file changes with StatReloader
2021-03-24 14:52:08 INFO [5552-Thread-6] basehttp.log_message line 157: "GET / HTTP/1.1" 200 2188
2021-03-24 14:52:09 WARNING [5552-Thread-6] basehttp.log_message line 157: "GET /static/images/hot-icon-small.png HTTP/1.1" 404 1701
2021-03-24 14:52:09 WARNING [5552-Thread-7] log.log_response line 224: Not Found: /favicon.ico
2021-03-24 14:52:09 WARNING [5552-Thread-7] basehttp.log_message line 157: "GET /favicon.ico HTTP/1.1" 404 3236
2021-03-24 14:52:10 INFO [5552-Thread-7] basehttp.log_message line 157: "GET /teachers/1/ HTTP/1.1" 200 2460
2021-03-24 14:52:10 WARNING [5552-Thread-7] basehttp.log_message line 157: "GET /static/images/lh.jpg HTTP/1.1" 404 1665
2021-03-24 14:52:12 INFO [5552-Thread-8] basehttp.log_message line 157: "GET /praise/1/ HTTP/1.1" 200 63
2021-03-24 14:52:13 INFO [5552-Thread-8] basehttp.log_message line 157: "GET / HTTP/1.1" 200 2188
2021-03-24 14:52:13 WARNING [5552-Thread-8] basehttp.log_message line 157: "GET /static/images/hot-icon-small.png HTTP/1.1" 404 1701
2021-03-24 14:53:29 INFO [5552-Thread-10] basehttp.log_message line 157: "GET /teachers/3/ HTTP/1.1" 200 1725
2021-03-24 14:53:30 INFO [5552-Thread-10] basehttp.log_message line 157: "GET / HTTP/1.1" 200 2188
2021-03-24 14:53:30 WARNING [5552-Thread-10] basehttp.log_message line 157: "GET /static/images/hot-icon-small.png HTTP/1.1" 404 1701
2021-03-24 14:53:33 INFO [5552-Thread-11] basehttp.log_message line 157: "GET /chart/ HTTP/1.1" 200 1462
2021-03-24 14:53:33 INFO [5552-Thread-11] basehttp.log_message line 157: "GET /teachers_data/ HTTP/1.1" 200 96
2021-03-24 14:55:02 INFO [5552-Thread-11] basehttp.log_message line 157: "GET / HTTP/1.1" 200 2188
2021-03-24 14:55:02 WARNING [5552-Thread-11] basehttp.log_message line 157: "GET /static/images/hot-icon-small.png HTTP/1.1" 404 1701
2021-03-24 14:55:08 INFO [5552-Thread-13] basehttp.log_message line 157: "GET /teachers/3/ HTTP/1.1" 200 1725
2021-03-24 14:55:09 INFO [5552-Thread-13] basehttp.log_message line 157: "GET / HTTP/1.1" 200 2188
2021-03-24 14:55:09 WARNING [5552-Thread-13] basehttp.log_message line 157: "GET /static/images/hot-icon-small.png HTTP/1.1" 404 1701
2021-03-24 14:55:10 INFO [5552-Thread-14] basehttp.log_message line 157: "GET /teachers/2/ HTTP/1.1" 200 2446
2021-03-24 14:55:10 WARNING [5552-Thread-14] basehttp.log_message line 157: "GET /static/images/hb.jpeg HTTP/1.1" 404 1668
2021-03-24 14:55:11 INFO [5552-Thread-15] basehttp.log_message line 157: "GET /praise/2/ HTTP/1.1" 200 63
2021-03-24 14:55:12 INFO [5552-Thread-15] basehttp.log_message line 157: "GET /praise/2/ HTTP/1.1" 200 63
2021-03-24 14:55:12 INFO [5552-Thread-15] basehttp.log_message line 157: "GET /praise/2/ HTTP/1.1" 200 63
2021-03-24 14:55:13 INFO [5552-Thread-15] basehttp.log_message line 157: "GET /praise/2/ HTTP/1.1" 200 63
2021-03-24 14:55:14 INFO [5552-Thread-15] basehttp.log_message line 157: "GET /criticize/2/ HTTP/1.1" 200 63
2021-03-24 14:55:15 INFO [5552-Thread-15] basehttp.log_message line 157: "GET / HTTP/1.1" 200 2188
2021-03-24 14:55:15 WARNING [5552-Thread-15] basehttp.log_message line 157: "GET /static/images/hot-icon-small.png HTTP/1.1" 404 1701
2021-03-24 15:27:23 INFO [2728-MainThread] autoreload.run_with_reloader line 617: Watching for file changes with StatReloader
2021-03-24 15:27:26 INFO [2728-Thread-6] basehttp.log_message line 157: "GET / HTTP/1.1" 200 11773
2021-03-24 15:27:26 WARNING [2728-Thread-6] basehttp.log_message line 157: "GET /static/images/hot-icon-small.png HTTP/1.1" 404 1701
2021-03-24 15:27:29 INFO [2728-Thread-9] basehttp.log_message line 157: "GET /static/debug_toolbar/css/print.css HTTP/1.1" 200 43
2021-03-24 15:27:29 INFO [2728-Thread-8] basehttp.log_message line 157: "GET /static/debug_toolbar/js/toolbar.js HTTP/1.1" 200 10268
2021-03-24 15:27:29 INFO [2728-Thread-7] basehttp.log_message line 157: "GET /static/debug_toolbar/css/toolbar.css HTTP/1.1" 200 11405
2021-03-24 15:27:29 INFO [2728-Thread-8] basehttp.log_message line 157: "GET /static/debug_toolbar/js/utils.js HTTP/1.1" 200 2090
2021-03-24 15:27:37 INFO [2728-Thread-8] basehttp.log_message line 157: "GET /teachers/1/ HTTP/1.1" 200 12057
2021-03-24 15:27:37 WARNING [2728-Thread-8] basehttp.log_message line 157: "GET /static/images/lh.jpg HTTP/1.1" 404 1665
2021-03-24 15:27:40 INFO [2728-Thread-9] basehttp.log_message line 157: "GET /__debug__/render_panel/?store_id=de5de74b868f4dadb4b43aed42457055&panel_id=SettingsPanel HTTP/1.1" 200 27131
2021-03-24 15:27:48 INFO [2728-Thread-9] basehttp.log_message line 157: "GET /__debug__/render_panel/?store_id=de5de74b868f4dadb4b43aed42457055&panel_id=TemplatesPanel HTTP/1.1" 200 3857
2021-03-24 15:27:53 INFO [2728-Thread-9] basehttp.log_message line 157: "GET /__debug__/render_panel/?store_id=de5de74b868f4dadb4b43aed42457055&panel_id=SQLPanel HTTP/1.1" 200 32115
2021-03-24 15:28:09 INFO [2728-Thread-9] basehttp.log_message line 157: "GET /__debug__/render_panel/?store_id=de5de74b868f4dadb4b43aed42457055&panel_id=StaticFilesPanel HTTP/1.1" 200 34774
2021-03-24 15:28:16 INFO [2728-Thread-9] basehttp.log_message line 157: "GET /__debug__/render_panel/?store_id=de5de74b868f4dadb4b43aed42457055&panel_id=SignalsPanel HTTP/1.1" 200 2112
2021-03-24 15:28:18 INFO [2728-Thread-9] basehttp.log_message line 157: "GET /__debug__/render_panel/?store_id=de5de74b868f4dadb4b43aed42457055&panel_id=LoggingPanel HTTP/1.1" 200 66
2021-03-24 15:28:24 INFO [2728-Thread-9] basehttp.log_message line 157: "GET /__debug__/render_panel/?store_id=de5de74b868f4dadb4b43aed42457055&panel_id=VersionsPanel HTTP/1.1" 200 618
2021-03-24 15:28:25 INFO [2728-Thread-9] basehttp.log_message line 157: "GET /__debug__/render_panel/?store_id=de5de74b868f4dadb4b43aed42457055&panel_id=HistoryPanel HTTP/1.1" 200 3790
2021-03-24 15:28:25 INFO [2728-Thread-9] basehttp.log_message line 157: "GET /static/debug_toolbar/js/history.js HTTP/1.1" 200 1365
2021-03-24 15:28:34 INFO [2728-Thread-9] basehttp.log_message line 157: "GET /__debug__/render_panel/?store_id=de5de74b868f4dadb4b43aed42457055&panel_id=HeadersPanel HTTP/1.1" 200 3950
2021-03-24 15:28:37 INFO [2728-Thread-9] basehttp.log_message line 157: "GET /__debug__/render_panel/?store_id=de5de74b868f4dadb4b43aed42457055&panel_id=RequestPanel HTTP/1.1" 200 1753
